Entering debug: [./test_cfgIt.sh] [ [0] ] : 
Entering debug: [./test_cfgIt.sh] [ installGraylog2[0] ] : 
Entering debug: [./test_cfgIt.sh] [ installJava[0] ] : 
Hit:1 http://security.debian.org stretch/updates InRelease
Ign:2 http://ftp.debian.org/debian stretch InRelease
Hit:3 http://ppa.launchpad.net/webupd8team/java/ubuntu xenial InRelease
Hit:4 http://ftp.debian.org/debian stretch-updates InRelease
Hit:5 http://ftp.debian.org/debian stretch Release
Ign:6 http://packages.elastic.co/elasticsearch/2.x/debian stable InRelease
Ign:8 https://packages.graylog2.org/repo/debian stable InRelease
Hit:9 http://packages.elastic.co/elasticsearch/2.x/debian stable Release
Hit:11 https://packages.graylog2.org/repo/debian stable Release
Reading package lists...
debug: [./test_cfgIt.sh] [ isPkgInstalled[0] ] :  enter the function 
debug: [./test_cfgIt.sh] [ isPkgInstalled[0] ] :  [dirmngr] parameter #1 
debug: [./test_cfgIt.sh] [ isPkgInstalled[0] ] :  [res] parameter #2 
debug: [./test_cfgIt.sh] [ isPkgInstalled[0] ] :  Package [dirmngr] is installed
Hit:1 http://ppa.launchpad.net/webupd8team/java/ubuntu xenial InRelease
Hit:2 http://security.debian.org stretch/updates InRelease
Ign:3 http://ftp.debian.org/debian stretch InRelease
Hit:4 http://ftp.debian.org/debian stretch-updates InRelease
Hit:5 http://ftp.debian.org/debian stretch Release
Ign:6 http://packages.elastic.co/elasticsearch/2.x/debian stable InRelease
Ign:8 https://packages.graylog2.org/repo/debian stable InRelease
Hit:10 http://packages.elastic.co/elasticsearch/2.x/debian stable Release
Hit:9 https://packages.graylog2.org/repo/debian stable Release
Reading package lists...
debug: [./test_cfgIt.sh] [ isPkgInstalled[0] ] :  Source list has been updated by webupd8team repository
Hit:1 http://security.debian.org stretch/updates InRelease
Hit:2 http://ppa.launchpad.net/webupd8team/java/ubuntu xenial InRelease
Ign:3 http://ftp.debian.org/debian stretch InRelease
Hit:4 http://ftp.debian.org/debian stretch-updates InRelease
Ign:5 http://packages.elastic.co/elasticsearch/2.x/debian stable InRelease
Hit:6 http://ftp.debian.org/debian stretch Release
Hit:8 http://packages.elastic.co/elasticsearch/2.x/debian stable Release
Ign:9 https://packages.graylog2.org/repo/debian stable InRelease
Hit:11 https://packages.graylog2.org/repo/debian stable Release
Reading package lists...
debug: [./test_cfgIt.sh] [ isPkgInstalled[0] ] :  enter the function 
debug: [./test_cfgIt.sh] [ isPkgInstalled[0] ] :  [oracle-java8-installer] parameter #1 
debug: [./test_cfgIt.sh] [ isPkgInstalled[0] ] :  [res] parameter #2 
debug: [./test_cfgIt.sh] [ isPkgInstalled[0] ] :  Package [oracle-java8-installer] is installed
Hit:1 http://security.debian.org stretch/updates InRelease
Hit:2 http://ppa.launchpad.net/webupd8team/java/ubuntu xenial InRelease
Ign:3 http://ftp.debian.org/debian stretch InRelease
Hit:4 http://ftp.debian.org/debian stretch-updates InRelease
Ign:5 http://packages.elastic.co/elasticsearch/2.x/debian stable InRelease
Hit:6 http://ftp.debian.org/debian stretch Release
Ign:8 https://packages.graylog2.org/repo/debian stable InRelease
Hit:9 http://packages.elastic.co/elasticsearch/2.x/debian stable Release
Hit:11 https://packages.graylog2.org/repo/debian stable Release
Reading package lists...
Entering debug: [./test_cfgIt.sh] [ installMongoDB[0] ] : 
debug: [./test_cfgIt.sh] [ preMongoDBInstallation[0] ] :  Add source listsExecuting: /tmp/apt-key-gpghome.vwYwCggptQ/gpg.1.sh --keyserver hkp://keyserver.ubuntu.com:80 --recv-keys EA312927
Hit:1 http://security.debian.org stretch/updates InRelease
Hit:2 http://ppa.launchpad.net/webupd8team/java/ubuntu xenial InRelease
Ign:3 http://ftp.debian.org/debian stretch InRelease
Hit:4 http://ftp.debian.org/debian stretch-updates InRelease
Ign:5 http://packages.elastic.co/elasticsearch/2.x/debian stable InRelease
Hit:6 http://ftp.debian.org/debian stretch Release
Ign:8 https://packages.graylog2.org/repo/debian stable InRelease
Hit:9 http://packages.elastic.co/elasticsearch/2.x/debian stable Release
Ign:12 http://downloads-distro.mongodb.org/repo/debian-sysvinit dist InRelease
Get:13 http://downloads-distro.mongodb.org/repo/debian-sysvinit dist Release [2040 B]
Hit:11 https://packages.graylog2.org/repo/debian stable Release
Get:15 http://downloads-distro.mongodb.org/repo/debian-sysvinit dist Release.gpg [490 B]
Ign:15 http://downloads-distro.mongodb.org/repo/debian-sysvinit dist Release.gpg
Get:16 http://downloads-distro.mongodb.org/repo/debian-sysvinit dist/10gen amd64 Packages [30.9 kB]
Fetched 33.5 kB in 3s (10.3 kB/s)
Reading package lists...
debug: [./test_cfgIt.sh] [ isPkgInstalled[0] ] :  enter the function 
debug: [./test_cfgIt.sh] [ isPkgInstalled[0] ] :  [mongodb-org] parameter #1 
debug: [./test_cfgIt.sh] [ isPkgInstalled[0] ] :  [res] parameter #2 
debug: [./test_cfgIt.sh] [ isPkgInstalled[0] ] :  [ mongodb-org ] will be installed
Reading package lists...
Building dependency tree...
Reading state information...
The following additional packages will be installed:
  mongodb-org-mongos mongodb-org-server mongodb-org-shell mongodb-org-tools
The following NEW packages will be installed:
  mongodb-org mongodb-org-mongos mongodb-org-server mongodb-org-shell
  mongodb-org-tools
0 upgraded, 5 newly installed, 0 to remove and 0 not upgraded.
Need to get 116 MB of archives.
After this operation, 293 MB of additional disk space will be used.
Do you want to continue? [Y/n] WARNING: The following packages cannot be authenticated!
  mongodb-org-shell mongodb-org-server mongodb-org-mongos mongodb-org-tools
  mongodb-org
Install these packages without verification? [y/N] debug: [./test_cfgIt.sh] [ isPkgInstalled[0] ] :  Package [ mongodb-org ] can't be installed
Errors: <<<<<< 
 E: Some packages could not be authenticated 
 <<<<<Hit:1 http://security.debian.org stretch/updates InRelease
Hit:2 http://ppa.launchpad.net/webupd8team/java/ubuntu xenial InRelease
Ign:3 http://packages.elastic.co/elasticsearch/2.x/debian stable InRelease
Ign:4 http://downloads-distro.mongodb.org/repo/debian-sysvinit dist InRelease
Ign:5 http://ftp.debian.org/debian stretch InRelease
Ign:6 https://packages.graylog2.org/repo/debian stable InRelease
Hit:7 http://packages.elastic.co/elasticsearch/2.x/debian stable Release
Hit:8 http://ftp.debian.org/debian stretch-updates InRelease
Hit:11 http://ftp.debian.org/debian stretch Release
Hit:13 http://downloads-distro.mongodb.org/repo/debian-sysvinit dist Release
Get:14 http://downloads-distro.mongodb.org/repo/debian-sysvinit dist Release.gpg [490 B]
Ign:14 http://downloads-distro.mongodb.org/repo/debian-sysvinit dist Release.gpg
Hit:10 https://packages.graylog2.org/repo/debian stable Release
Fetched 490 B in 2s (206 B/s)
Reading package lists...
Entering debug: [./test_cfgIt.sh] [ installElasticSearch[0] ] : 
Entering debug: [./test_cfgIt.sh] [ preElasticSearchInstallation[0] ] : 
debug: [./test_cfgIt.sh] [ preElasticSearchInstallation[0] ] :  Source list has been updated by elasticsearch repository
Hit:1 http://ppa.launchpad.net/webupd8team/java/ubuntu xenial InRelease
Hit:2 http://security.debian.org stretch/updates InRelease
Ign:3 http://ftp.debian.org/debian stretch InRelease
Hit:4 http://ftp.debian.org/debian stretch-updates InRelease
Ign:5 http://downloads-distro.mongodb.org/repo/debian-sysvinit dist InRelease
Ign:6 http://packages.elastic.co/elasticsearch/2.x/debian stable InRelease
Hit:7 http://ftp.debian.org/debian stretch Release
Hit:9 http://packages.elastic.co/elasticsearch/2.x/debian stable Release
Get:11 http://downloads-distro.mongodb.org/repo/debian-sysvinit dist Release [2040 B]
Ign:12 https://packages.graylog2.org/repo/debian stable InRelease
Get:14 http://downloads-distro.mongodb.org/repo/debian-sysvinit dist Release.gpg [490 B]
Ign:14 http://downloads-distro.mongodb.org/repo/debian-sysvinit dist Release.gpg
Hit:15 http://downloads-distro.mongodb.org/repo/debian-sysvinit dist/10gen amd64 Packages
Hit:13 https://packages.graylog2.org/repo/debian stable Release
Fetched 2530 B in 3s (716 B/s)
Reading package lists...
debug: [./test_cfgIt.sh] [ isPkgInstalled[0] ] :  enter the function 
debug: [./test_cfgIt.sh] [ isPkgInstalled[0] ] :  [elasticsearch] parameter #1 
debug: [./test_cfgIt.sh] [ isPkgInstalled[0] ] :  [res] parameter #2 
debug: [./test_cfgIt.sh] [ isPkgInstalled[0] ] :  Package [elasticsearch] is installed
